Determining if the pthread_create exist failed with the following output:
Change Dir: /home/racecar/racecar_team2_ws/racecar/wall_follower/build/CMakeFiles/CMakeTmp

Run Build Command:/usr/bin/make "cmTryCompileExec580665887/fast"
/usr/bin/make -f CMakeFiles/cmTryCompileExec580665887.dir/build.make CMakeFiles/cmTryCompileExec580665887.dir/build
make[1]: Entering directory `/home/racecar/racecar_team2_ws/racecar/wall_follower/build/CMakeFiles/CMakeTmp'
/usr/bin/cmake -E cmake_progress_report /home/racecar/racecar_team2_ws/racecar/wall_follower/build/CMakeFiles/CMakeTmp/CMakeFiles 1
Building C object CMakeFiles/cmTryCompileExec580665887.dir/CheckSymbolExists.c.o
/usr/bin/cc    -o CMakeFiles/cmTryCompileExec580665887.dir/CheckSymbolExists.c.o   -c /home/racecar/racecar_team2_ws/racecar/wall_follower/build/CMakeFiles/CMakeTmp/CheckSymbolExists.c
Linking C executable cmTryCompileExec580665887
/usr/bin/cmake -E cmake_link_script CMakeFiles/cmTryCompileExec580665887.dir/link.txt --verbose=1
/usr/bin/cc       CMakeFiles/cmTryCompileExec580665887.dir/CheckSymbolExists.c.o  -o cmTryCompileExec580665887 -rdynamic 
CMakeFiles/cmTryCompileExec580665887.dir/CheckSymbolExists.c.o: In function `main':
CheckSymbolExists.c:(.text+0xa): undefined reference to `pthread_create'
collect2: error: ld returned 1 exit status
make[1]: Leaving directory `/home/racecar/racecar_team2_ws/racecar/wall_follower/build/CMakeFiles/CMakeTmp'
make[1]: *** [cmTryCompileExec580665887] Error 1
make: *** [cmTryCompileExec580665887/fast] Error 2

File /home/racecar/racecar_team2_ws/racecar/wall_follower/build/CMakeFiles/CMakeTmp/CheckSymbolExists.c:
/* */
#include <pthread.h>

int main(int argc, char** argv)
{
  (void)argv;
#ifndef pthread_create
  return ((int*)(&pthread_create))[argc];
#else
  (void)argc;
  return 0;
#endif
}

Determining if the function pthread_create exists in the pthreads failed with the following output:
Change Dir: /home/racecar/racecar_team2_ws/racecar/wall_follower/build/CMakeFiles/CMakeTmp

Run Build Command:/usr/bin/make "cmTryCompileExec3435090482/fast"
/usr/bin/make -f CMakeFiles/cmTryCompileExec3435090482.dir/build.make CMakeFiles/cmTryCompileExec3435090482.dir/build
make[1]: Entering directory `/home/racecar/racecar_team2_ws/racecar/wall_follower/build/CMakeFiles/CMakeTmp'
/usr/bin/cmake -E cmake_progress_report /home/racecar/racecar_team2_ws/racecar/wall_follower/build/CMakeFiles/CMakeTmp/CMakeFiles 1
Building C object CMakeFiles/cmTryCompileExec3435090482.dir/CheckFunctionExists.c.o
/usr/bin/cc   -DCHECK_FUNCTION_EXISTS=pthread_create   -o CMakeFiles/cmTryCompileExec3435090482.dir/CheckFunctionExists.c.o   -c /usr/share/cmake-2.8/Modules/CheckFunctionExists.c
Linking C executable cmTryCompileExec3435090482
/usr/bin/cmake -E cmake_link_script CMakeFiles/cmTryCompileExec3435090482.dir/link.txt --verbose=1
/usr/bin/cc   -DCHECK_FUNCTION_EXISTS=pthread_create    CMakeFiles/cmTryCompileExec3435090482.dir/CheckFunctionExists.c.o  -o cmTryCompileExec3435090482 -rdynamic -lpthreads 
/usr/bin/ld: cannot find -lpthreads
collect2: error: ld returned 1 exit status
make[1]: Leaving directory `/home/racecar/racecar_team2_ws/racecar/wall_follower/build/CMakeFiles/CMakeTmp'
make[1]: *** [cmTryCompileExec3435090482] Error 1
make: *** [cmTryCompileExec3435090482/fast] Error 2


